0 info it worked if it ends with ok
1 verbose cli [ 'C:\\Program Files\\nodejs\\node.exe',
1 verbose cli   'C:\\Users\\robin\\AppData\\Roaming\\npm\\node_modules\\npm\\bin\\npm-cli.js',
1 verbose cli   'run',
1 verbose cli   'dev' ]
2 info using npm@3.10.10
3 info using node@v8.11.2
4 verbose run-script [ 'predev', 'dev', 'postdev' ]
5 info lifecycle projet2_reservia@1.0.0~predev: projet2_reservia@1.0.0
6 silly lifecycle projet2_reservia@1.0.0~predev: no script for predev, continuing
7 info lifecycle projet2_reservia@1.0.0~dev: projet2_reservia@1.0.0
8 verbose lifecycle projet2_reservia@1.0.0~dev: unsafe-perm in lifecycle true
9 verbose lifecycle projet2_reservia@1.0.0~dev: PATH: C:\Users\robin\AppData\Roaming\npm\node_modules\npm\bin\node-gyp-bin;C:\Users\robin\Documents\Openclassrooms\P2_bonhoure_robin\reservia\node_modules\.bin;C:\Windows\system32;C:\Windows;C:\Windows\System32\Wbem;C:\Windows\System32\WindowsPowerShell\v1.0\;C:\Windows\System32\OpenSSH\;C:\Program Files (x86)\NVIDIA Corporation\PhysX\Common;C:\Program Files\NVIDIA Corporation\NVIDIA NvDLISR;C:\WINDOWS\system32;C:\WINDOWS;C:\WINDOWS\System32\Wbem;C:\WINDOWS\System32\WindowsPowerShell\v1.0\;C:\WINDOWS\System32\OpenSSH\;C:\Program Files\Git\cmd;C:\Program Files\nodejs\;C:\Users\robin\AppData\Local\Microsoft\WindowsApps;C:\Users\robin\AppData\Local\Programs\Microsoft VS Code\bin;C:\Users\robin\AppData\Local\GitHubDesktop\bin;C:\Users\robin\AppData\Roaming\npm
10 verbose lifecycle projet2_reservia@1.0.0~dev: CWD: C:\Users\robin\Documents\Openclassrooms\P2_bonhoure_robin\reservia
11 silly lifecycle projet2_reservia@1.0.0~dev: Args: [ '/d /s /c', 'parcel src/index.html' ]
12 verbose stack Error: kill ENOSYS
12 verbose stack     at Object._errnoException (util.js:992:11)
12 verbose stack     at process.kill (internal/process.js:183:18)
12 verbose stack     at process.listener (C:\Users\robin\AppData\Roaming\npm\node_modules\npm\node_modules\npmlog\node_modules\gauge\node_modules\signal-exit\index.js:86:15)
12 verbose stack     at emitNone (events.js:111:20)
12 verbose stack     at process.emit (events.js:208:7)
12 verbose stack     at processEmit (C:\Users\robin\AppData\Roaming\npm\node_modules\npm\node_modules\npmlog\node_modules\gauge\node_modules\signal-exit\index.js:146:32)
12 verbose stack     at processEmit (C:\Users\robin\AppData\Roaming\npm\node_modules\npm\node_modules\npm-registry-client\node_modules\npmlog\node_modules\gauge\node_modules\signal-exit\index.js:146:32)
12 verbose stack     at Signal.wrap.onsignal (internal/process.js:208:44)
13 verbose cwd C:\Users\robin\Documents\Openclassrooms\P2_bonhoure_robin\reservia
14 error Windows_NT 10.0.19042
15 error argv "C:\\Program Files\\nodejs\\node.exe" "C:\\Users\\robin\\AppData\\Roaming\\npm\\node_modules\\npm\\bin\\npm-cli.js" "run" "dev"
16 error node v8.11.2
17 error npm  v3.10.10
18 error code ENOSYS
19 error errno ENOSYS
20 error syscall kill
21 error kill ENOSYS
22 error If you need help, you may report this error at:
22 error     <https://github.com/npm/npm/issues>
23 verbose exit [ 1, true ]
